<?xml version="1.0" encoding="UTF-8"?>
<!-- Generated by org.testng.reporters.JUnitReportReporter -->
<testsuite hostname="Asha" failures="0" tests="1" name="com.tutorialsninja.demo.testsuite.DeskTopsTest" time="7.123" errors="0" timestamp="2023-12-12T10:39:18 GMT" skipped="0">
  <testcase classname="com.tutorialsninja.demo.testsuite.DeskTopsTest" name="verifyProductArrangeInAlphabeticalOrder" time="7.123">
    <system-out>
      <![CDATA[Select sortBy option[[ChromeDriver: chrome on windows (27ead883643f3b8621528a680b1cb9b9)] -> id: input-sort]
Get elements sorted in reverse order[[ChromeDriver: chrome on windows (27ead883643f3b8621528a680b1cb9b9)] -> id: input-sort]]]>
    </system-out>
  </testcase> <!-- verifyProductArrangeInAlphabeticalOrder -->
  <system-out>
    <![CDATA[Select sortBy option[[ChromeDriver: chrome on windows (27ead883643f3b8621528a680b1cb9b9)] -> id: input-sort]
Get elements sorted in reverse order[[ChromeDriver: chrome on windows (27ead883643f3b8621528a680b1cb9b9)] -> id: input-sort]]]>
  </system-out>
</testsuite> <!-- com.tutorialsninja.demo.testsuite.DeskTopsTest -->
